<?xml version="1.0" encoding="UTF-8"?>
<!-- Generated by org.testng.reporters.JUnitReportReporter -->
<testsuite hostname="DESKTOP-CO6VC8L" failures="0" tests="3" name="testcase.login" time="86.194" errors="0" timestamp="29 Jul 2022 04:20:16 GMT" skipped="0">
  <testcase classname="testcase.login" name="loginCase" time="7.474"/>
  <testcase classname="testcase.login" name="createProject" time="24.522"/>
  <testcase classname="testcase.login" name="sectiondrawing" time="54.198"/>
</testsuite> <!-- testcase.login -->
