<?xml version="1.0" encoding="UTF-8"?>
<!-- Generated by org.testng.reporters.JUnitReportReporter -->
<testsuite hostname="DESKTOP-SRPCOD1" failures="0" tests="2" name="Testcase.login" time="104.999" errors="0" timestamp="30 Jun 2022 05:13:44 GMT" skipped="0">
  <testcase classname="Testcase.login" name="loginCase" time="7.276"/>
  <testcase classname="Testcase.login" name="createProject" time="97.723"/>
</testsuite> <!-- Testcase.login -->
